<?xml version="1.0" encoding="UTF-8"?>
<!-- Generated by org.testng.reporters.JUnitReportReporter -->
<testsuite hostname="SROTEM" failures="0" tests="1" name="jirarest.JiraTest" time="1.519" errors="0" timestamp="2023-06-19T15:07:13 IDT" skipped="0">
  <testcase classname="jirarest.JiraTest" name="addComment" time="1.519"/>
  <system-out/>
</testsuite> <!-- jirarest.JiraTest -->
