<?xml version="1.0" encoding="UTF-8"?>
<!-- Generated by org.testng.reporters.JUnitReportReporter -->
<testsuite hostname="SROTEM" failures="0" tests="3" name="files.DynamicJson" time="6.970" errors="0" timestamp="2023-06-15T10:41:24 IDT" skipped="0">
  <testcase classname="files.DynamicJson" name="addBook" time="2.862"/>
  <system-out/>
  <testcase classname="files.DynamicJson" name="addBook" time="1.486"/>
  <system-out/>
  <testcase classname="files.DynamicJson" name="addBook" time="2.622"/>
  <system-out/>
</testsuite> <!-- files.DynamicJson -->
