<?xml version="1.0" encoding="UTF-8"?>
<!-- Generated by org.testng.reporters.JUnitReportReporter -->
<testsuite hostname="SROTEM" failures="0" tests="4" name="files.BookTest" time="3.119" errors="0" timestamp="2023-06-15T08:45:52 IDT" skipped="1">
  <testcase classname="files.BookTest" name="f" time="0.752"/>
  <system-out/>
  <testcase classname="files.BookTest" name="f" time="1.619"/>
  <system-out/>
  <testcase classname="files.BookTest" name="f" time="0.748"/>
  <system-out/>
  <testcase classname="files.BookTest" name="f2">
    <skipped/>
  </testcase> <!-- f2 -->
  <system-out/>
</testsuite> <!-- files.BookTest -->
