<?xml version="1.0" encoding="UTF-8"?>
<!-- Generated by org.testng.reporters.JUnitReportReporter -->
<testsuite hostname="SROTEM" failures="0" tests="1" name="SumValidation" time="0.780" errors="0" timestamp="2023-06-15T07:59:04 IDT" skipped="0">
  <testcase classname="SumValidation" name="sumOfCourses" time="0.780"/>
  <system-out/>
</testsuite> <!-- SumValidation -->
